<?xml version="1.0" encoding="UTF-8"?>
<!-- Generated by org.testng.reporters.JUnitXMLReporter -->
<testsuite ignored="0" hostname="HarshMashal21" failures="0" tests="4" name="personalLoan" time="0.081" errors="0" timestamp="2024-11-10T16:52:31 IST">
  <testcase classname="selenium_by_Y.TestNG_1" name="M1" time="0.009"/>
  <testcase classname="selenium_by_Y.TestNG_1" name="MILTON" time="0.007"/>
  <testcase classname="selenium_by_Y.TestNG_2" name="kyari" time="0.005"/>
  <testcase classname="selenium_by_Y.TestNG_2" name="kyari" time="0.002"/>
</testsuite> <!-- personalLoan -->
